[2024-11-10 13:25:13Z INFO HostContext] No proxy settings were found based on environmental variables (http_proxy/https_proxy/HTTP_PROXY/HTTPS_PROXY)
[2024-11-10 13:25:13Z INFO HostContext] Well known directory 'Bin': 'C:\Users\Admin\IdeaProjects\alo\actions-runner\bin'
[2024-11-10 13:25:13Z INFO HostContext] Well known directory 'Root': 'C:\Users\Admin\IdeaProjects\alo\actions-runner'
[2024-11-10 13:25:13Z INFO HostContext] Well known config file 'Credentials': 'C:\Users\Admin\IdeaProjects\alo\actions-runner\.credentials'
[2024-11-10 13:25:13Z INFO HostContext] Well known directory 'Bin': 'C:\Users\Admin\IdeaProjects\alo\actions-runner\bin'
[2024-11-10 13:25:13Z INFO HostContext] Well known directory 'Root': 'C:\Users\Admin\IdeaProjects\alo\actions-runner'
[2024-11-10 13:25:13Z INFO HostContext] Well known config file 'Runner': 'C:\Users\Admin\IdeaProjects\alo\actions-runner\.runner'
[2024-11-10 13:25:13Z INFO Listener] Runner is built for Windows (X64) - win-x64.
[2024-11-10 13:25:13Z INFO Listener] RuntimeInformation: Microsoft Windows 10.0.19045.
[2024-11-10 13:25:13Z INFO Listener] Version: 2.320.0
[2024-11-10 13:25:13Z INFO Listener] Commit: 78f21670b4a58aff19b5189207f54eb2bee324d1
[2024-11-10 13:25:13Z INFO Listener] Culture: en-US
[2024-11-10 13:25:13Z INFO Listener] UI Culture: en-US
[2024-11-10 13:25:13Z INFO HostContext] Well known directory 'Bin': 'C:\Users\Admin\IdeaProjects\alo\actions-runner\bin'
[2024-11-10 13:25:13Z INFO HostContext] Well known directory 'Root': 'C:\Users\Admin\IdeaProjects\alo\actions-runner'
[2024-11-10 13:25:13Z INFO Listener] Validating directory permissions for: 'C:\Users\Admin\IdeaProjects\alo\actions-runner'
[2024-11-10 13:25:13Z INFO CommandLineParser] Parse
[2024-11-10 13:25:13Z INFO CommandLineParser] Parsing 5 args
[2024-11-10 13:25:13Z INFO CommandLineParser] parsing argument
[2024-11-10 13:25:13Z INFO CommandLineParser] HasArgs: False
[2024-11-10 13:25:13Z INFO CommandLineParser] Adding Command: configure
[2024-11-10 13:25:13Z INFO CommandLineParser] parsing argument
[2024-11-10 13:25:13Z INFO CommandLineParser] HasArgs: True
[2024-11-10 13:25:13Z INFO CommandLineParser] arg: url
[2024-11-10 13:25:13Z INFO CommandLineParser] parsing argument
[2024-11-10 13:25:13Z INFO CommandLineParser] HasArgs: True
[2024-11-10 13:25:13Z INFO CommandLineParser] Adding option 'url': 'https://github.com/vocongthanh247/alo'
[2024-11-10 13:25:13Z INFO CommandLineParser] parsing argument
[2024-11-10 13:25:13Z INFO CommandLineParser] HasArgs: True
[2024-11-10 13:25:13Z INFO CommandLineParser] arg: token
[2024-11-10 13:25:13Z INFO CommandLineParser] parsing argument
[2024-11-10 13:25:13Z INFO CommandLineParser] HasArgs: True
[2024-11-10 13:25:13Z INFO CommandLineParser] Adding option 'token': '***'
[2024-11-10 13:25:13Z INFO Listener] Arguments parsed
[2024-11-10 13:25:13Z INFO Runner] ExecuteCommand
[2024-11-10 13:25:13Z INFO ConfigurationStore] currentAssemblyLocation: C:\Users\Admin\IdeaProjects\alo\actions-runner\bin\Runner.Listener.dll
[2024-11-10 13:25:13Z INFO HostContext] Well known directory 'Bin': 'C:\Users\Admin\IdeaProjects\alo\actions-runner\bin'
[2024-11-10 13:25:13Z INFO ConfigurationStore] binPath: C:\Users\Admin\IdeaProjects\alo\actions-runner\bin
[2024-11-10 13:25:13Z INFO HostContext] Well known directory 'Bin': 'C:\Users\Admin\IdeaProjects\alo\actions-runner\bin'
[2024-11-10 13:25:13Z INFO HostContext] Well known directory 'Root': 'C:\Users\Admin\IdeaProjects\alo\actions-runner'
[2024-11-10 13:25:13Z INFO ConfigurationStore] RootFolder: C:\Users\Admin\IdeaProjects\alo\actions-runner
[2024-11-10 13:25:13Z INFO HostContext] Well known directory 'Bin': 'C:\Users\Admin\IdeaProjects\alo\actions-runner\bin'
[2024-11-10 13:25:13Z INFO HostContext] Well known directory 'Root': 'C:\Users\Admin\IdeaProjects\alo\actions-runner'
[2024-11-10 13:25:13Z INFO HostContext] Well known config file 'Runner': 'C:\Users\Admin\IdeaProjects\alo\actions-runner\.runner'
[2024-11-10 13:25:13Z INFO ConfigurationStore] ConfigFilePath: C:\Users\Admin\IdeaProjects\alo\actions-runner\.runner
[2024-11-10 13:25:13Z INFO HostContext] Well known directory 'Bin': 'C:\Users\Admin\IdeaProjects\alo\actions-runner\bin'
[2024-11-10 13:25:13Z INFO HostContext] Well known directory 'Root': 'C:\Users\Admin\IdeaProjects\alo\actions-runner'
[2024-11-10 13:25:13Z INFO HostContext] Well known config file 'Credentials': 'C:\Users\Admin\IdeaProjects\alo\actions-runner\.credentials'
[2024-11-10 13:25:13Z INFO ConfigurationStore] CredFilePath: C:\Users\Admin\IdeaProjects\alo\actions-runner\.credentials
[2024-11-10 13:25:13Z INFO HostContext] Well known directory 'Bin': 'C:\Users\Admin\IdeaProjects\alo\actions-runner\bin'
[2024-11-10 13:25:13Z INFO HostContext] Well known directory 'Root': 'C:\Users\Admin\IdeaProjects\alo\actions-runner'
[2024-11-10 13:25:13Z INFO HostContext] Well known config file 'MigratedCredentials': 'C:\Users\Admin\IdeaProjects\alo\actions-runner\.credentials_migrated'
[2024-11-10 13:25:13Z INFO ConfigurationStore] MigratedCredFilePath: C:\Users\Admin\IdeaProjects\alo\actions-runner\.credentials_migrated
[2024-11-10 13:25:13Z INFO HostContext] Well known directory 'Bin': 'C:\Users\Admin\IdeaProjects\alo\actions-runner\bin'
[2024-11-10 13:25:13Z INFO HostContext] Well known directory 'Root': 'C:\Users\Admin\IdeaProjects\alo\actions-runner'
[2024-11-10 13:25:13Z INFO HostContext] Well known config file 'Service': 'C:\Users\Admin\IdeaProjects\alo\actions-runner\.service'
[2024-11-10 13:25:13Z INFO ConfigurationStore] ServiceConfigFilePath: C:\Users\Admin\IdeaProjects\alo\actions-runner\.service
[2024-11-10 13:25:13Z INFO CommandSettings] Flag 'help': 'False'
[2024-11-10 13:25:13Z INFO CommandSettings] Flag 'version': 'False'
[2024-11-10 13:25:13Z INFO CommandSettings] Flag 'commit': 'False'
[2024-11-10 13:25:13Z INFO CommandSettings] Flag 'check': 'False'
[2024-11-10 13:25:13Z INFO CommandSettings] Command 'configure': 'True'
[2024-11-10 13:25:13Z INFO Terminal] WRITE LINE: 
[2024-11-10 13:25:13Z INFO Terminal] WRITE LINE: --------------------------------------------------------------------------------
[2024-11-10 13:25:13Z INFO Terminal] WRITE LINE: |        ____ _ _   _   _       _          _        _   _                      |
[2024-11-10 13:25:13Z INFO Terminal] WRITE LINE: |       / ___(_) |_| | | |_   _| |__      / \   ___| |_(_) ___  _ __  ___      |
[2024-11-10 13:25:13Z INFO Terminal] WRITE LINE: |      | |  _| | __| |_| | | | | '_ \    / _ \ / __| __| |/ _ \| '_ \/ __|     |
[2024-11-10 13:25:13Z INFO Terminal] WRITE LINE: |      | |_| | | |_|  _  | |_| | |_) |  / ___ \ (__| |_| | (_) | | | \__ \     |
[2024-11-10 13:25:13Z INFO Terminal] WRITE LINE: |       \____|_|\__|_| |_|\__,_|_.__/  /_/   \_\___|\__|_|\___/|_| |_|___/     |
[2024-11-10 13:25:13Z INFO Terminal] WRITE LINE: |                                                                              |
[2024-11-10 13:25:13Z INFO Terminal] WRITE: |                       
[2024-11-10 13:25:13Z INFO Terminal] WRITE: Self-hosted runner registration
[2024-11-10 13:25:13Z INFO Terminal] WRITE LINE:                         |
[2024-11-10 13:25:13Z INFO Terminal] WRITE LINE: |                                                                              |
[2024-11-10 13:25:13Z INFO Terminal] WRITE LINE: --------------------------------------------------------------------------------
[2024-11-10 13:25:13Z INFO ConfigurationManager] ConfigureAsync
[2024-11-10 13:25:13Z INFO CommandSettings] Flag 'generateServiceConfig': 'False'
[2024-11-10 13:25:13Z INFO ConfigurationStore] IsConfigured()
[2024-11-10 13:25:13Z INFO ConfigurationStore] IsConfigured: False
[2024-11-10 13:25:13Z INFO ConfigurationManager] Is configured: False
[2024-11-10 13:25:13Z INFO CommandSettings] Arg 'url': 'https://github.com/vocongthanh247/alo'
[2024-11-10 13:25:13Z INFO CommandSettings] Remove url from Arg dictionary.
[2024-11-10 13:25:13Z INFO CommandSettings] Arg 'token': '***'
[2024-11-10 13:25:13Z INFO CommandSettings] Remove token from Arg dictionary.
[2024-11-10 13:25:14Z INFO ConfigurationManager] Http response code: OK from 'POST https://api.github.com/actions/runner-registration' (C70D:153077:35F02D:388A09:6730B423)
[2024-11-10 13:25:14Z INFO ConfigurationManager] Using V2 flow: False
[2024-11-10 13:25:14Z INFO ConfigurationManager] cred retrieved via GitHub auth
[2024-11-10 13:25:14Z INFO RunnerServer] EstablishVssConnection
[2024-11-10 13:25:14Z INFO RunnerServer] Establish connection with 100 seconds timeout.
[2024-11-10 13:25:14Z INFO GitHubActionsService] Starting operation Location.GetConnectionData
[2024-11-10 13:25:14Z INFO RunnerServer] EstablishVssConnection
[2024-11-10 13:25:14Z INFO RunnerServer] Establish connection with 60 seconds timeout.
[2024-11-10 13:25:14Z INFO GitHubActionsService] Starting operation Location.GetConnectionData
[2024-11-10 13:25:14Z INFO RunnerServer] EstablishVssConnection
[2024-11-10 13:25:14Z INFO RunnerServer] Establish connection with 60 seconds timeout.
[2024-11-10 13:25:14Z INFO GitHubActionsService] Starting operation Location.GetConnectionData
[2024-11-10 13:25:15Z INFO GitHubActionsService] Finished operation Location.GetConnectionData
[2024-11-10 13:25:15Z INFO GitHubActionsService] Finished operation Location.GetConnectionData
[2024-11-10 13:25:15Z INFO GitHubActionsService] Finished operation Location.GetConnectionData
[2024-11-10 13:25:15Z INFO Terminal] WRITE LINE: 
[2024-11-10 13:25:15Z INFO ConfigurationManager] Test Connection complete.
[2024-11-10 13:25:15Z INFO HostContext] Well known directory 'Bin': 'C:\Users\Admin\IdeaProjects\alo\actions-runner\bin'
[2024-11-10 13:25:15Z INFO HostContext] Well known directory 'Root': 'C:\Users\Admin\IdeaProjects\alo\actions-runner'
[2024-11-10 13:25:15Z INFO HostContext] Well known config file 'RSACredentials': 'C:\Users\Admin\IdeaProjects\alo\actions-runner\.credentials_rsaparams'
[2024-11-10 13:25:15Z INFO RSAEncryptedFileKeyManager] Found existing RSA key parameters file C:\Users\Admin\IdeaProjects\alo\actions-runner\.credentials_rsaparams
[2024-11-10 13:25:16Z INFO CommandSettings] Arg 'runnergroup': ''
[2024-11-10 13:25:16Z INFO CommandSettings] Flag 'unattended': 'False'
[2024-11-10 13:25:16Z INFO PromptManager] ReadValue
[2024-11-10 13:25:16Z INFO Terminal] WRITE: Enter the name of the runner group to add this runner to: 
[2024-11-10 13:25:16Z INFO Terminal] WRITE: [press Enter for Default] 
[2024-11-10 13:25:16Z INFO Terminal] READ LINE
[2024-11-10 13:25:16Z INFO Terminal] Read value: ''
[2024-11-10 13:25:16Z INFO PromptManager] Falling back to the default: 'Default'
[2024-11-10 13:25:16Z INFO Terminal] WRITE LINE: 
[2024-11-10 13:25:16Z INFO ConfigurationManager] Found a self-hosted runner group with id 1 and name Default
[2024-11-10 13:25:16Z INFO CommandSettings] Flag 'disableupdate': 'False'
[2024-11-10 13:25:16Z INFO CommandSettings] Flag 'ephemeral': 'False'
[2024-11-10 13:25:16Z INFO CommandSettings] Arg 'name': ''
[2024-11-10 13:25:16Z INFO CommandSettings] Flag 'unattended': 'False'
[2024-11-10 13:25:16Z INFO PromptManager] ReadValue
[2024-11-10 13:25:16Z INFO Terminal] WRITE: Enter the name of runner: 
[2024-11-10 13:25:16Z INFO Terminal] WRITE: [press Enter for DESKTOP-7MLLHSU] 
[2024-11-10 13:25:16Z INFO Terminal] READ LINE
[2024-11-10 13:25:20Z INFO Terminal] Read value: ''
[2024-11-10 13:25:20Z INFO PromptManager] Falling back to the default: 'DESKTOP-7MLLHSU'
[2024-11-10 13:25:20Z INFO Terminal] WRITE LINE: 
[2024-11-10 13:25:20Z INFO CommandSettings] Arg 'labels': ''
[2024-11-10 13:25:20Z INFO CommandSettings] Flag 'unattended': 'False'
[2024-11-10 13:25:20Z INFO PromptManager] ReadValue
[2024-11-10 13:25:20Z INFO Terminal] WRITE: This runner will have the following labels: 'self-hosted', 'Windows', 'X64' 
Enter any additional labels (ex. label-1,label-2): 
[2024-11-10 13:25:20Z INFO Terminal] WRITE: [press Enter to skip] 
[2024-11-10 13:25:20Z INFO Terminal] READ LINE
[2024-11-10 13:25:22Z INFO Terminal] Read value: ''
[2024-11-10 13:25:22Z INFO Terminal] WRITE LINE: 
[2024-11-10 13:25:22Z INFO CommandSettings] Flag 'disableupdate': 'False'
[2024-11-10 13:25:22Z INFO CommandSettings] Flag 'no-default-labels': 'False'
[2024-11-10 13:25:23Z INFO CommandSettings] Flag 'disableupdate': 'False'
[2024-11-10 13:25:23Z INFO CommandSettings] Flag 'ephemeral': 'False'
[2024-11-10 13:25:23Z INFO ConfigurationStore] Saving OAuth credential @ C:\Users\Admin\IdeaProjects\alo\actions-runner\.credentials
[2024-11-10 13:25:23Z INFO ConfigurationStore] Credentials Saved.
[2024-11-10 13:25:23Z INFO ConfigurationStore] HasCredentials()
[2024-11-10 13:25:23Z INFO ConfigurationStore] stored True
[2024-11-10 13:25:23Z INFO CredentialManager] GetCredentialProvider
[2024-11-10 13:25:23Z INFO CredentialManager] Creating type OAuth
[2024-11-10 13:25:23Z INFO CredentialManager] Creating credential type: OAuth
[2024-11-10 13:25:23Z INFO RSAEncryptedFileKeyManager] Loading RSA key parameters from file C:\Users\Admin\IdeaProjects\alo\actions-runner\.credentials_rsaparams
[2024-11-10 13:25:23Z INFO RunnerServer] EstablishVssConnection
[2024-11-10 13:25:23Z INFO RunnerServer] Establish connection with 100 seconds timeout.
[2024-11-10 13:25:23Z INFO GitHubActionsService] Starting operation Location.GetConnectionData
[2024-11-10 13:25:23Z INFO RunnerServer] EstablishVssConnection
[2024-11-10 13:25:23Z INFO RunnerServer] Establish connection with 60 seconds timeout.
[2024-11-10 13:25:23Z INFO GitHubActionsService] Starting operation Location.GetConnectionData
[2024-11-10 13:25:23Z INFO RunnerServer] EstablishVssConnection
[2024-11-10 13:25:23Z INFO RunnerServer] Establish connection with 60 seconds timeout.
[2024-11-10 13:25:23Z INFO GitHubActionsService] Starting operation Location.GetConnectionData
[2024-11-10 13:25:24Z INFO GitHubActionsService] Finished operation Location.GetConnectionData
[2024-11-10 13:25:24Z INFO GitHubActionsService] Finished operation Location.GetConnectionData
[2024-11-10 13:25:24Z INFO GitHubActionsService] Finished operation Location.GetConnectionData
[2024-11-10 13:25:24Z INFO RSAEncryptedFileKeyManager] Loading RSA key parameters from file C:\Users\Admin\IdeaProjects\alo\actions-runner\.credentials_rsaparams
[2024-11-10 13:25:25Z INFO RSAEncryptedFileKeyManager] Loading RSA key parameters from file C:\Users\Admin\IdeaProjects\alo\actions-runner\.credentials_rsaparams
[2024-11-10 13:25:26Z INFO GitHubActionsService] AAD Correlation ID for this token request: Unknown
[2024-11-10 13:25:26Z INFO CommandSettings] Arg 'work': ''
[2024-11-10 13:25:26Z INFO CommandSettings] Flag 'unattended': 'False'
[2024-11-10 13:25:26Z INFO PromptManager] ReadValue
[2024-11-10 13:25:26Z INFO Terminal] WRITE: Enter name of work folder: 
[2024-11-10 13:25:26Z INFO Terminal] WRITE: [press Enter for _work] 
[2024-11-10 13:25:26Z INFO Terminal] READ LINE
[2024-11-10 13:25:26Z INFO Terminal] Read value: ''
[2024-11-10 13:25:26Z INFO PromptManager] Falling back to the default: '_work'
[2024-11-10 13:25:26Z INFO ConfigurationStore] Saving runner settings.
[2024-11-10 13:25:26Z INFO ConfigurationStore] Settings Saved.
[2024-11-10 13:25:26Z INFO Terminal] WRITE LINE: 
[2024-11-10 13:25:26Z INFO Terminal] WRITE LINE: 
[2024-11-10 13:25:26Z INFO CommandSettings] Flag 'runasservice': 'False'
[2024-11-10 13:25:26Z INFO CommandSettings] Flag 'unattended': 'False'
[2024-11-10 13:25:26Z INFO PromptManager] ReadValue
[2024-11-10 13:25:26Z INFO Terminal] WRITE: Would you like to run the runner as service? (Y/N) 
[2024-11-10 13:25:26Z INFO Terminal] WRITE: [press Enter for N] 
[2024-11-10 13:25:26Z INFO Terminal] READ LINE
[2024-11-10 13:25:35Z INFO Terminal] Read value: 'Y'
[2024-11-10 13:25:35Z INFO ConfigurationManager] Configuring to run the agent as service
[2024-11-10 13:25:35Z INFO CommandSettings] Arg 'windowslogonaccount': ''
[2024-11-10 13:25:35Z INFO CommandSettings] Flag 'unattended': 'False'
[2024-11-10 13:25:35Z INFO PromptManager] ReadValue
[2024-11-10 13:25:35Z INFO Terminal] WRITE: User account to use for the service 
[2024-11-10 13:25:35Z INFO Terminal] WRITE: [press Enter for NT AUTHORITY\NETWORK SERVICE] 
[2024-11-10 13:25:35Z INFO Terminal] READ LINE
[2024-11-10 13:25:37Z INFO Terminal] Read value: ''
[2024-11-10 13:25:37Z INFO PromptManager] Falling back to the default: 'NT AUTHORITY\NETWORK SERVICE'
[2024-11-10 13:25:37Z INFO WindowsServiceControlManager] LogonAccount after transforming: NT AUTHORITY\NETWORK SERVICE, user: NETWORK SERVICE, domain: NT AUTHORITY
[2024-11-10 13:25:37Z INFO WindowsServiceControlManager] Service name 'actions.runner.vocongthanh247-alo.DESKTOP-7MLLHSU' display name 'GitHub Actions Runner (vocongthanh247-alo.DESKTOP-7MLLHSU)' will be used for service configuration.
[2024-11-10 13:25:37Z INFO WindowsServiceControlManager] Verifying if the account has LogonAsService permission
[2024-11-10 13:25:37Z INFO NativeWindowsServiceHelper] Successfully grant logon as service privilege to account 'NETWORK SERVICE'
[2024-11-10 13:25:37Z INFO WindowsServiceControlManager] Create local group and grant folder permission to service logon account.
[2024-11-10 13:25:37Z INFO HostContext] Well known directory 'Bin': 'C:\Users\Admin\IdeaProjects\alo\actions-runner\bin'
[2024-11-10 13:25:37Z INFO HostContext] Well known directory 'Root': 'C:\Users\Admin\IdeaProjects\alo\actions-runner'
[2024-11-10 13:25:37Z INFO ConfigurationStore] Read setting file: 307 chars
[2024-11-10 13:25:37Z INFO HostContext] Well known directory 'Bin': 'C:\Users\Admin\IdeaProjects\alo\actions-runner\bin'
[2024-11-10 13:25:37Z INFO HostContext] Well known directory 'Root': 'C:\Users\Admin\IdeaProjects\alo\actions-runner'
[2024-11-10 13:25:37Z INFO HostContext] Well known directory 'Work': 'C:\Users\Admin\IdeaProjects\alo\actions-runner\_work'
[2024-11-10 13:25:37Z INFO HostContext] Well known directory 'Bin': 'C:\Users\Admin\IdeaProjects\alo\actions-runner\bin'
[2024-11-10 13:25:37Z INFO NativeWindowsServiceHelper] Calculated unique group name GITHUB_ActionsRunner_Gc0c15
[2024-11-10 13:25:37Z INFO NativeWindowsServiceHelper] Trying to create group GITHUB_ActionsRunner_Gc0c15
[2024-11-10 13:25:37Z INFO NativeWindowsServiceHelper] Local Group 'GITHUB_ActionsRunner_Gc0c15' created
[2024-11-10 13:25:37Z INFO NativeWindowsServiceHelper] Trying to add userName NT AUTHORITY\NETWORK SERVICE to the group GITHUB_ActionsRunner_Gc0c15
[2024-11-10 13:25:37Z INFO NativeWindowsServiceHelper] Account 'NT AUTHORITY\NETWORK SERVICE' is added to local group 'GITHUB_ActionsRunner_Gc0c15'.
[2024-11-10 13:25:37Z INFO NativeWindowsServiceHelper] Set full access control to group for the folder C:\Users\Admin\IdeaProjects\alo\actions-runner
[2024-11-10 13:25:37Z INFO NativeWindowsServiceHelper] Set full access control to group for the folder C:\Users\Admin\IdeaProjects\alo\actions-runner\_work
[2024-11-10 13:25:37Z INFO NativeWindowsServiceHelper] Local group 'GITHUB_ActionsRunner_Gc0c15' already has full control to path 'C:\Users\Admin\IdeaProjects\alo\actions-runner\_work'.
[2024-11-10 13:25:37Z INFO Terminal] WRITE LINE: Granting file permissions to 'NT AUTHORITY\NETWORK SERVICE'.
[2024-11-10 13:25:37Z INFO HostContext] Well known directory 'Bin': 'C:\Users\Admin\IdeaProjects\alo\actions-runner\bin'
[2024-11-10 13:25:37Z INFO ProcessInvokerWrapper] Starting process:
[2024-11-10 13:25:37Z INFO ProcessInvokerWrapper]   File name: '"C:\Users\Admin\IdeaProjects\alo\actions-runner\bin\RunnerService.exe"'
[2024-11-10 13:25:37Z INFO ProcessInvokerWrapper]   Arguments: 'init'
[2024-11-10 13:25:37Z INFO ProcessInvokerWrapper]   Working directory: ''
[2024-11-10 13:25:37Z INFO ProcessInvokerWrapper]   Require exit code zero: 'True'
[2024-11-10 13:25:37Z INFO ProcessInvokerWrapper]   Encoding web name:  ; code page: ''
[2024-11-10 13:25:37Z INFO ProcessInvokerWrapper]   Force kill process on cancellation: 'False'
[2024-11-10 13:25:37Z INFO ProcessInvokerWrapper]   Redirected STDIN: 'False'
[2024-11-10 13:25:37Z INFO ProcessInvokerWrapper]   Persist current code page: 'False'
[2024-11-10 13:25:37Z INFO ProcessInvokerWrapper]   Keep redirected STDIN open: 'False'
[2024-11-10 13:25:37Z INFO ProcessInvokerWrapper]   High priority process: 'False'
[2024-11-10 13:25:37Z INFO ProcessInvokerWrapper] Process started with process id 11632, waiting for process exit.
[2024-11-10 13:25:38Z INFO ProcessInvokerWrapper] STDOUT/STDERR stream read finished.
[2024-11-10 13:25:38Z INFO ProcessInvokerWrapper] STDOUT/STDERR stream read finished.
[2024-11-10 13:25:38Z INFO ProcessInvokerWrapper] Finished process 11632 with exit code 0, and elapsed time 00:00:00.7012826.
[2024-11-10 13:25:38Z INFO Terminal] WRITE LINE: Service actions.runner.vocongthanh247-alo.DESKTOP-7MLLHSU successfully installed
[2024-11-10 13:25:38Z INFO Terminal] WRITE LINE: Service actions.runner.vocongthanh247-alo.DESKTOP-7MLLHSU successfully set recovery option
[2024-11-10 13:25:38Z INFO Terminal] WRITE LINE: Service actions.runner.vocongthanh247-alo.DESKTOP-7MLLHSU successfully set to delayed auto start
[2024-11-10 13:25:38Z INFO Terminal] WRITE LINE: Service actions.runner.vocongthanh247-alo.DESKTOP-7MLLHSU successfully configured
[2024-11-10 13:25:38Z INFO HostContext] Well known directory 'Bin': 'C:\Users\Admin\IdeaProjects\alo\actions-runner\bin'
[2024-11-10 13:25:38Z INFO HostContext] Well known directory 'Root': 'C:\Users\Admin\IdeaProjects\alo\actions-runner'
[2024-11-10 13:25:38Z INFO HostContext] Well known config file 'Service': 'C:\Users\Admin\IdeaProjects\alo\actions-runner\.service'
[2024-11-10 13:25:38Z INFO WindowsServiceControlManager] Configuration was successful, trying to start the service
[2024-11-10 13:25:38Z INFO Terminal] WRITE LINE: Waiting for service to start...
[2024-11-10 13:25:38Z INFO Terminal] WRITE LINE: Service actions.runner.vocongthanh247-alo.DESKTOP-7MLLHSU started successfully
[2024-11-10 13:25:38Z INFO Listener] Runner execution has finished with return code 0
