[2024-11-10 13:25:46Z INFO HostContext] No proxy settings were found based on environmental variables (http_proxy/https_proxy/HTTP_PROXY/HTTPS_PROXY)
[2024-11-10 13:25:46Z INFO HostContext] Well known directory 'Bin': 'C:\Users\Admin\IdeaProjects\alo\actions-runner\bin'
[2024-11-10 13:25:46Z INFO HostContext] Well known directory 'Root': 'C:\Users\Admin\IdeaProjects\alo\actions-runner'
[2024-11-10 13:25:46Z INFO HostContext] Well known config file 'Credentials': 'C:\Users\Admin\IdeaProjects\alo\actions-runner\.credentials'
[2024-11-10 13:25:46Z INFO HostContext] Well known directory 'Bin': 'C:\Users\Admin\IdeaProjects\alo\actions-runner\bin'
[2024-11-10 13:25:46Z INFO HostContext] Well known directory 'Root': 'C:\Users\Admin\IdeaProjects\alo\actions-runner'
[2024-11-10 13:25:46Z INFO HostContext] Well known config file 'Runner': 'C:\Users\Admin\IdeaProjects\alo\actions-runner\.runner'
[2024-11-10 13:25:46Z INFO Listener] Runner is built for Windows (X64) - win-x64.
[2024-11-10 13:25:46Z INFO Listener] RuntimeInformation: Microsoft Windows 10.0.19045.
[2024-11-10 13:25:46Z INFO Listener] Version: 2.320.0
[2024-11-10 13:25:46Z INFO Listener] Commit: 78f21670b4a58aff19b5189207f54eb2bee324d1
[2024-11-10 13:25:46Z INFO Listener] Culture: en-US
[2024-11-10 13:25:46Z INFO Listener] UI Culture: en-US
[2024-11-10 13:25:46Z INFO HostContext] Well known directory 'Bin': 'C:\Users\Admin\IdeaProjects\alo\actions-runner\bin'
[2024-11-10 13:25:46Z INFO HostContext] Well known directory 'Root': 'C:\Users\Admin\IdeaProjects\alo\actions-runner'
[2024-11-10 13:25:46Z INFO Listener] Validating directory permissions for: 'C:\Users\Admin\IdeaProjects\alo\actions-runner'
[2024-11-10 13:25:46Z INFO CommandLineParser] Parse
[2024-11-10 13:25:46Z INFO CommandLineParser] Parsing 1 args
[2024-11-10 13:25:46Z INFO CommandLineParser] parsing argument
[2024-11-10 13:25:46Z INFO CommandLineParser] HasArgs: False
[2024-11-10 13:25:46Z INFO CommandLineParser] Adding Command: run
[2024-11-10 13:25:46Z INFO Listener] Arguments parsed
[2024-11-10 13:25:46Z INFO Runner] ExecuteCommand
[2024-11-10 13:25:46Z INFO ConfigurationStore] currentAssemblyLocation: C:\Users\Admin\IdeaProjects\alo\actions-runner\bin\Runner.Listener.dll
[2024-11-10 13:25:46Z INFO HostContext] Well known directory 'Bin': 'C:\Users\Admin\IdeaProjects\alo\actions-runner\bin'
[2024-11-10 13:25:46Z INFO ConfigurationStore] binPath: C:\Users\Admin\IdeaProjects\alo\actions-runner\bin
[2024-11-10 13:25:46Z INFO HostContext] Well known directory 'Bin': 'C:\Users\Admin\IdeaProjects\alo\actions-runner\bin'
[2024-11-10 13:25:46Z INFO HostContext] Well known directory 'Root': 'C:\Users\Admin\IdeaProjects\alo\actions-runner'
[2024-11-10 13:25:46Z INFO ConfigurationStore] RootFolder: C:\Users\Admin\IdeaProjects\alo\actions-runner
[2024-11-10 13:25:46Z INFO HostContext] Well known directory 'Bin': 'C:\Users\Admin\IdeaProjects\alo\actions-runner\bin'
[2024-11-10 13:25:46Z INFO HostContext] Well known directory 'Root': 'C:\Users\Admin\IdeaProjects\alo\actions-runner'
[2024-11-10 13:25:46Z INFO HostContext] Well known config file 'Runner': 'C:\Users\Admin\IdeaProjects\alo\actions-runner\.runner'
[2024-11-10 13:25:46Z INFO ConfigurationStore] ConfigFilePath: C:\Users\Admin\IdeaProjects\alo\actions-runner\.runner
[2024-11-10 13:25:46Z INFO HostContext] Well known directory 'Bin': 'C:\Users\Admin\IdeaProjects\alo\actions-runner\bin'
[2024-11-10 13:25:46Z INFO HostContext] Well known directory 'Root': 'C:\Users\Admin\IdeaProjects\alo\actions-runner'
[2024-11-10 13:25:46Z INFO HostContext] Well known config file 'Credentials': 'C:\Users\Admin\IdeaProjects\alo\actions-runner\.credentials'
[2024-11-10 13:25:46Z INFO ConfigurationStore] CredFilePath: C:\Users\Admin\IdeaProjects\alo\actions-runner\.credentials
[2024-11-10 13:25:46Z INFO HostContext] Well known directory 'Bin': 'C:\Users\Admin\IdeaProjects\alo\actions-runner\bin'
[2024-11-10 13:25:46Z INFO HostContext] Well known directory 'Root': 'C:\Users\Admin\IdeaProjects\alo\actions-runner'
[2024-11-10 13:25:46Z INFO HostContext] Well known config file 'MigratedCredentials': 'C:\Users\Admin\IdeaProjects\alo\actions-runner\.credentials_migrated'
[2024-11-10 13:25:46Z INFO ConfigurationStore] MigratedCredFilePath: C:\Users\Admin\IdeaProjects\alo\actions-runner\.credentials_migrated
[2024-11-10 13:25:46Z INFO HostContext] Well known directory 'Bin': 'C:\Users\Admin\IdeaProjects\alo\actions-runner\bin'
[2024-11-10 13:25:46Z INFO HostContext] Well known directory 'Root': 'C:\Users\Admin\IdeaProjects\alo\actions-runner'
[2024-11-10 13:25:46Z INFO HostContext] Well known config file 'Service': 'C:\Users\Admin\IdeaProjects\alo\actions-runner\.service'
[2024-11-10 13:25:46Z INFO ConfigurationStore] ServiceConfigFilePath: C:\Users\Admin\IdeaProjects\alo\actions-runner\.service
[2024-11-10 13:25:46Z INFO CommandSettings] Flag 'help': 'False'
[2024-11-10 13:25:46Z INFO CommandSettings] Flag 'version': 'False'
[2024-11-10 13:25:46Z INFO CommandSettings] Flag 'commit': 'False'
[2024-11-10 13:25:46Z INFO CommandSettings] Flag 'check': 'False'
[2024-11-10 13:25:46Z INFO CommandSettings] Command 'configure': 'False'
[2024-11-10 13:25:46Z INFO CommandSettings] Command 'remove': 'False'
[2024-11-10 13:25:46Z INFO CommandSettings] Command 'warmup': 'False'
[2024-11-10 13:25:46Z INFO ConfigurationManager] LoadSettings
[2024-11-10 13:25:46Z INFO ConfigurationStore] IsConfigured()
[2024-11-10 13:25:46Z INFO ConfigurationStore] IsConfigured: True
[2024-11-10 13:25:46Z INFO ConfigurationManager] Is configured: True
[2024-11-10 13:25:46Z INFO ConfigurationStore] Read setting file: 307 chars
[2024-11-10 13:25:46Z INFO ConfigurationManager] Settings Loaded
[2024-11-10 13:25:46Z INFO ConfigurationStore] IsServiceConfigured()
[2024-11-10 13:25:46Z INFO ConfigurationStore] IsServiceConfigured: True
[2024-11-10 13:25:46Z INFO CommandSettings] Command 'run': 'True'
[2024-11-10 13:25:46Z INFO ConfigurationStore] IsConfigured()
[2024-11-10 13:25:46Z INFO ConfigurationStore] IsConfigured: True
[2024-11-10 13:25:46Z INFO ConfigurationManager] Is configured: True
[2024-11-10 13:25:46Z INFO Runner] Try determine runner startup type base on console redirects.
[2024-11-10 13:25:46Z INFO Runner] Set runner startup type - Manual
[2024-11-10 13:25:46Z INFO CommandSettings] Flag 'once': 'False'
[2024-11-10 13:25:46Z INFO CommandSettings] Flag 'once': 'False'
[2024-11-10 13:25:46Z INFO Runner] RunAsync
[2024-11-10 13:25:46Z INFO ConfigurationManager] LoadSettings
[2024-11-10 13:25:46Z INFO ConfigurationStore] IsConfigured()
[2024-11-10 13:25:46Z INFO ConfigurationStore] IsConfigured: True
[2024-11-10 13:25:46Z INFO ConfigurationManager] Is configured: True
[2024-11-10 13:25:46Z INFO ConfigurationManager] Settings Loaded
[2024-11-10 13:25:46Z INFO MessageListener] {
  "AgentId": 2,
  "AgentName": "DESKTOP-7MLLHSU",
  "PoolId": 1,
  "PoolName": "Default",
  "ServerUrl": "https://pipelinesghubeus7.actions.githubusercontent.com/peuG5dGztn5gPmpq66ptIY8yjnasSd1wLQ2QUdxMG5ytbbKAhX/",
  "GitHubUrl": "https://github.com/vocongthanh247/alo",
  "WorkFolder": "_work"
}
[2024-11-10 13:25:46Z INFO MessageListener] Loading Credentials
[2024-11-10 13:25:46Z INFO ConfigurationStore] HasCredentials()
[2024-11-10 13:25:46Z INFO ConfigurationStore] stored True
[2024-11-10 13:25:46Z INFO CredentialManager] GetCredentialProvider
[2024-11-10 13:25:46Z INFO CredentialManager] Creating type OAuth
[2024-11-10 13:25:46Z INFO CredentialManager] Creating credential type: OAuth
[2024-11-10 13:25:46Z INFO HostContext] Well known directory 'Bin': 'C:\Users\Admin\IdeaProjects\alo\actions-runner\bin'
[2024-11-10 13:25:46Z INFO HostContext] Well known directory 'Root': 'C:\Users\Admin\IdeaProjects\alo\actions-runner'
[2024-11-10 13:25:46Z INFO HostContext] Well known config file 'RSACredentials': 'C:\Users\Admin\IdeaProjects\alo\actions-runner\.credentials_rsaparams'
[2024-11-10 13:25:46Z INFO RSAEncryptedFileKeyManager] Loading RSA key parameters from file C:\Users\Admin\IdeaProjects\alo\actions-runner\.credentials_rsaparams
[2024-11-10 13:25:46Z INFO MessageListener] Attempt to create session.
[2024-11-10 13:25:46Z INFO MessageListener] Connecting to the Runner Server...
[2024-11-10 13:25:46Z INFO RunnerServer] EstablishVssConnection
[2024-11-10 13:25:46Z INFO RunnerServer] Establish connection with 100 seconds timeout.
[2024-11-10 13:25:46Z INFO GitHubActionsService] Starting operation Location.GetConnectionData
[2024-11-10 13:25:46Z INFO RunnerServer] EstablishVssConnection
[2024-11-10 13:25:46Z INFO RunnerServer] Establish connection with 60 seconds timeout.
[2024-11-10 13:25:46Z INFO GitHubActionsService] Starting operation Location.GetConnectionData
[2024-11-10 13:25:46Z INFO RunnerServer] EstablishVssConnection
[2024-11-10 13:25:46Z INFO RunnerServer] Establish connection with 60 seconds timeout.
[2024-11-10 13:25:46Z INFO GitHubActionsService] Starting operation Location.GetConnectionData
[2024-11-10 13:25:48Z INFO GitHubActionsService] Finished operation Location.GetConnectionData
[2024-11-10 13:25:48Z INFO GitHubActionsService] Finished operation Location.GetConnectionData
[2024-11-10 13:25:48Z INFO GitHubActionsService] Finished operation Location.GetConnectionData
[2024-11-10 13:25:48Z INFO MessageListener] VssConnection created
[2024-11-10 13:25:48Z INFO Terminal] WRITE LINE: 
[2024-11-10 13:25:48Z INFO Terminal] WRITE LINE: 
[2024-11-10 13:25:48Z INFO RSAEncryptedFileKeyManager] Loading RSA key parameters from file C:\Users\Admin\IdeaProjects\alo\actions-runner\.credentials_rsaparams
[2024-11-10 13:25:48Z INFO RSAEncryptedFileKeyManager] Loading RSA key parameters from file C:\Users\Admin\IdeaProjects\alo\actions-runner\.credentials_rsaparams
[2024-11-10 13:25:49Z INFO GitHubActionsService] AAD Correlation ID for this token request: Unknown
[2024-11-10 13:25:50Z INFO MessageListener] Session created.
[2024-11-10 13:25:50Z INFO Terminal] WRITE LINE: Current runner version: '2.320.0'
[2024-11-10 13:25:50Z INFO Terminal] WRITE LINE: 2024-11-10 13:25:50Z: Listening for Jobs
[2024-11-10 13:25:50Z INFO JobDispatcher] Set runner/worker IPC timeout to 30 seconds.
[2024-11-10 13:25:50Z INFO MessageListener] BrokerMigration message received. Polling Broker for messages...
[2024-11-10 13:25:50Z INFO RSAEncryptedFileKeyManager] Loading RSA key parameters from file C:\Users\Admin\IdeaProjects\alo\actions-runner\.credentials_rsaparams
[2024-11-10 13:25:52Z INFO GitHubActionsService] AAD Correlation ID for this token request: Unknown
[2024-11-10 13:26:43Z INFO MessageListener] BrokerMigration message received. Polling Broker for messages...
[2024-11-10 13:27:34Z INFO MessageListener] BrokerMigration message received. Polling Broker for messages...
[2024-11-10 13:28:26Z INFO MessageListener] BrokerMigration message received. Polling Broker for messages...
[2024-11-10 13:29:16Z INFO MessageListener] BrokerMigration message received. Polling Broker for messages...
[2024-11-10 13:30:19Z INFO MessageListener] BrokerMigration message received. Polling Broker for messages...
[2024-11-10 13:31:10Z INFO MessageListener] BrokerMigration message received. Polling Broker for messages...
[2024-11-10 13:32:01Z INFO MessageListener] BrokerMigration message received. Polling Broker for messages...
[2024-11-10 13:32:51Z INFO MessageListener] BrokerMigration message received. Polling Broker for messages...
